<?xml version="1.0" encoding="UTF-8"?>
<!-- Generated by org.testng.reporters.JUnitXMLReporter -->
<testsuite ignored="34" hostname="IN-PG02NMBB" failures="1" tests="17" name="Test" time="80.131" errors="0" timestamp="2022-12-14T02:56:19 IST">
  <testcase classname="com.assignment.testcase.LogInPageTest" name="login" time="5.631"/>
  <testcase classname="com.assignment.testcase.GroceryTest" name="grocery" time="3.095"/>
  <testcase classname="com.assignment.testcase.GroceryPincodeTest" name="grocery" time="3.094"/>
  <testcase classname="com.assignment.testcase.GroceryToHomeTest" name="grocerytohome" time="3.11"/>
  <testcase classname="com.assignment.testcase.ForwardKeyTest" name="forwardkey" time="0.082"/>
  <testcase classname="com.assignment.testcase.BackwardKeyTest" name="backwardkey" time="0.097"/>
  <testcase classname="com.assignment.testcase.BestofelectronicsViewAllTest" name="forwardkey" time="0.127"/>
  <testcase classname="com.assignment.testcase.BestofelectronicsViewAllToHomeTest" name="viewall" time="0.134"/>
  <testcase classname="com.assignment.testcase.WinterEssentialsViewAllTest" name="forwardkey" time="0.956"/>
  <testcase classname="com.assignment.testcase.WinteressentialsViewAllToHomeTest" name="viewall" time="0.09"/>
  <testcase classname="com.assignment.testcase.MoreTest" name="logOut" time="30.255">
    <failure type="org.openqa.selenium.NoSuchElementException" message="no such element: Unable to locate element: {&amp;quot;method&amp;quot;:&amp;quot;xpath&amp;quot;,&amp;quot;selector&amp;quot;:&amp;quot;//div[@class=&amp;quot;_3vhnxf&amp;quot; and text()=&amp;quot;Notification Preferrences&amp;quot;]&amp;quot;}
  (Session info: chrome=108.0.5359.99)
For documentation on this error, please visit: https://selenium.dev/exceptions/#no_such_element
Build info: version: &amp;apos;4.4.0&amp;apos;, revision: &amp;apos;e5c75ed026a&amp;apos;
System info: host: &amp;apos;IN-PG02NMBB&amp;apos;, ip: &amp;apos;192.168.1.51&amp;apos;, os.name: &amp;apos;Windows 11&amp;apos;, os.arch: &amp;apos;amd64&amp;apos;, os.version: &amp;apos;10.0&amp;apos;, java.version: &amp;apos;17.0.5&amp;apos;
Driver info: org.openqa.selenium.chrome.ChromeDriver
Command: [dc7d82cc1367b505aaada41708bba056, findElement {using=xpath, value=//div[@class=&amp;quot;_3vhnxf&amp;quot; and text()=&amp;quot;Notification Preferrences&amp;quot;]}]
Capabilities {acceptInsecureCerts: false, browserName: chrome, browserVersion: 108.0.5359.99, chrome: {chromedriverVersion: 108.0.5359.71 (1e0e3868ee06..., userDataDir: C:\Users\RITIKN~1\AppData\L...}, goog:chromeOptions: {debuggerAddress: localhost:63621}, networkConnectionEnabled: false, pageLoadStrategy: normal, platformName: WINDOWS, proxy: Proxy(), se:cdp: ws://localhost:63621/devtoo..., se:cdpVersion: 108.0.5359.99, setWindowRect: true, strictFileInteractability: false, timeouts: {implicit: 0, pageLoad: 300000, script: 30000}, unhandledPromptBehavior: dismiss and notify, webauthn:extension:credBlob: true, webauthn:extension:largeBlob: true, webauthn:virtualAuthenticators: true}
Session ID: dc7d82cc1367b505aaada41708bba056">
      <![CDATA[org.openqa.selenium.NoSuchElementException: no such element: Unable to locate element: {"method":"xpath","selector":"//div[@class="_3vhnxf" and text()="Notification Preferrences"]"}
  (Session info: chrome=108.0.5359.99)
For documentation on this error, please visit: https://selenium.dev/exceptions/#no_such_element
Build info: version: '4.4.0', revision: 'e5c75ed026a'
System info: host: 'IN-PG02NMBB', ip: '192.168.1.51', os.name: 'Windows 11', os.arch: 'amd64', os.version: '10.0', java.version: '17.0.5'
Driver info: org.openqa.selenium.chrome.ChromeDriver
Command: [dc7d82cc1367b505aaada41708bba056, findElement {using=xpath, value=//div[@class="_3vhnxf" and text()="Notification Preferrences"]}]
Capabilities {acceptInsecureCerts: false, browserName: chrome, browserVersion: 108.0.5359.99, chrome: {chromedriverVersion: 108.0.5359.71 (1e0e3868ee06..., userDataDir: C:\Users\RITIKN~1\AppData\L...}, goog:chromeOptions: {debuggerAddress: localhost:63621}, networkConnectionEnabled: false, pageLoadStrategy: normal, platformName: WINDOWS, proxy: Proxy(), se:cdp: ws://localhost:63621/devtoo..., se:cdpVersion: 108.0.5359.99, setWindowRect: true, strictFileInteractability: false, timeouts: {implicit: 0, pageLoad: 300000, script: 30000}, unhandledPromptBehavior: dismiss and notify, webauthn:extension:credBlob: true, webauthn:extension:largeBlob: true, webauthn:virtualAuthenticators: true}
Session ID: dc7d82cc1367b505aaada41708bba056
at org.openqa.selenium.remote.codec.w3c.W3CHttpResponseCodec.createException(W3CHttpResponseCodec.java:200)
at org.openqa.selenium.remote.codec.w3c.W3CHttpResponseCodec.decode(W3CHttpResponseCodec.java:133)
at org.openqa.selenium.remote.codec.w3c.W3CHttpResponseCodec.decode(W3CHttpResponseCodec.java:53)
at org.openqa.selenium.remote.HttpCommandExecutor.execute(HttpCommandExecutor.java:184)
at org.openqa.selenium.remote.service.DriverCommandExecutor.invokeExecute(DriverCommandExecutor.java:167)
at org.openqa.selenium.remote.service.DriverCommandExecutor.execute(DriverCommandExecutor.java:142)
at org.openqa.selenium.remote.RemoteWebDriver.execute(RemoteWebDriver.java:547)
at org.openqa.selenium.remote.ElementLocation$ElementFinder$2.findElement(ElementLocation.java:162)
at org.openqa.selenium.remote.ElementLocation.findElement(ElementLocation.java:60)
at org.openqa.selenium.remote.RemoteWebDriver.findElement(RemoteWebDriver.java:365)
at org.openqa.selenium.remote.RemoteWebDriver.findElement(RemoteWebDriver.java:357)
at com.assignment.testcase.MoreTest.logOut(MoreTest.java:22)
at java.base/java.util.ArrayList.forEach(ArrayList.java:1511)
... Removed 32 stack frames]]>
    </failure>
  </testcase> <!-- logOut -->
  <testcase classname="com.assignment.testcase.SearchBarTest" name="search" time="5.144"/>
  <testcase classname="com.assignment.testcase.InputInSearchBarTest" name="search" time="0.113"/>
  <testcase classname="com.assignment.testcase.SearchBarSubmitTest" name="search" time="0.16"/>
  <testcase classname="com.assignment.testcase.ViewCartTest" name="viewOrder" time="0.07"/>
  <testcase classname="com.assignment.testcase.ViewCartToHomeTest" name="viewOrder" time="0.101"/>
  <testcase classname="com.assignment.testcase.LogOutTest" name="logOut" time="0.239"/>
  <testcase classname="com.assignment.base.BaseClass" name="@AfterTest closeBrowser" time="0.0">
    <ignored/>
  </testcase> <!-- @AfterTest closeBrowser -->
  <testcase classname="com.assignment.base.BaseClass" name="@BeforeTest initializeWebdriver" time="0.0">
    <ignored/>
  </testcase> <!-- @BeforeTest initializeWebdriver -->
  <testcase classname="com.assignment.base.BaseClass" name="@AfterTest closeBrowser" time="0.0">
    <ignored/>
  </testcase> <!-- @AfterTest closeBrowser -->
  <testcase classname="com.assignment.base.BaseClass" name="@BeforeTest initializeWebdriver" time="0.0">
    <ignored/>
  </testcase> <!-- @BeforeTest initializeWebdriver -->
  <testcase classname="com.assignment.base.BaseClass" name="@AfterTest closeBrowser" time="0.0">
    <ignored/>
  </testcase> <!-- @AfterTest closeBrowser -->
  <testcase classname="com.assignment.base.BaseClass" name="@AfterTest closeBrowser" time="0.0">
    <ignored/>
  </testcase> <!-- @AfterTest closeBrowser -->
  <testcase classname="com.assignment.base.BaseClass" name="@AfterTest closeBrowser" time="0.0">
    <ignored/>
  </testcase> <!-- @AfterTest closeBrowser -->
  <testcase classname="com.assignment.base.BaseClass" name="@BeforeTest initializeWebdriver" time="0.0">
    <ignored/>
  </testcase> <!-- @BeforeTest initializeWebdriver -->
  <testcase classname="com.assignment.base.BaseClass" name="@AfterTest closeBrowser" time="0.0">
    <ignored/>
  </testcase> <!-- @AfterTest closeBrowser -->
  <testcase classname="com.assignment.base.BaseClass" name="@AfterTest closeBrowser" time="0.0">
    <ignored/>
  </testcase> <!-- @AfterTest closeBrowser -->
  <testcase classname="com.assignment.base.BaseClass" name="@BeforeTest initializeWebdriver" time="0.0">
    <ignored/>
  </testcase> <!-- @BeforeTest initializeWebdriver -->
  <testcase classname="com.assignment.base.BaseClass" name="@BeforeTest initializeWebdriver" time="0.0">
    <ignored/>
  </testcase> <!-- @BeforeTest initializeWebdriver -->
  <testcase classname="com.assignment.base.BaseClass" name="@AfterTest closeBrowser" time="0.0">
    <ignored/>
  </testcase> <!-- @AfterTest closeBrowser -->
  <testcase classname="com.assignment.base.BaseClass" name="@BeforeTest initializeWebdriver" time="0.0">
    <ignored/>
  </testcase> <!-- @BeforeTest initializeWebdriver -->
  <testcase classname="com.assignment.base.BaseClass" name="@AfterTest closeBrowser" time="0.0">
    <ignored/>
  </testcase> <!-- @AfterTest closeBrowser -->
  <testcase classname="com.assignment.base.BaseClass" name="@BeforeTest initializeWebdriver" time="0.0">
    <ignored/>
  </testcase> <!-- @BeforeTest initializeWebdriver -->
  <testcase classname="com.assignment.base.BaseClass" name="@BeforeTest initializeWebdriver" time="0.0">
    <ignored/>
  </testcase> <!-- @BeforeTest initializeWebdriver -->
  <testcase classname="com.assignment.base.BaseClass" name="@AfterTest closeBrowser" time="0.0">
    <ignored/>
  </testcase> <!-- @AfterTest closeBrowser -->
  <testcase classname="com.assignment.base.BaseClass" name="@BeforeTest initializeWebdriver" time="0.0">
    <ignored/>
  </testcase> <!-- @BeforeTest initializeWebdriver -->
  <testcase classname="com.assignment.base.BaseClass" name="@AfterTest closeBrowser" time="0.0">
    <ignored/>
  </testcase> <!-- @AfterTest closeBrowser -->
  <testcase classname="com.assignment.base.BaseClass" name="@AfterTest closeBrowser" time="0.0">
    <ignored/>
  </testcase> <!-- @AfterTest closeBrowser -->
  <testcase classname="com.assignment.base.BaseClass" name="@BeforeTest initializeWebdriver" time="0.0">
    <ignored/>
  </testcase> <!-- @BeforeTest initializeWebdriver -->
  <testcase classname="com.assignment.base.BaseClass" name="@BeforeTest initializeWebdriver" time="0.0">
    <ignored/>
  </testcase> <!-- @BeforeTest initializeWebdriver -->
  <testcase classname="com.assignment.base.BaseClass" name="@AfterTest closeBrowser" time="0.0">
    <ignored/>
  </testcase> <!-- @AfterTest closeBrowser -->
  <testcase classname="com.assignment.base.BaseClass" name="@AfterTest closeBrowser" time="0.0">
    <ignored/>
  </testcase> <!-- @AfterTest closeBrowser -->
  <testcase classname="com.assignment.base.BaseClass" name="@AfterTest closeBrowser" time="0.0">
    <ignored/>
  </testcase> <!-- @AfterTest closeBrowser -->
  <testcase classname="com.assignment.base.BaseClass" name="@BeforeTest initializeWebdriver" time="0.0">
    <ignored/>
  </testcase> <!-- @BeforeTest initializeWebdriver -->
  <testcase classname="com.assignment.base.BaseClass" name="@BeforeTest initializeWebdriver" time="0.0">
    <ignored/>
  </testcase> <!-- @BeforeTest initializeWebdriver -->
  <testcase classname="com.assignment.base.BaseClass" name="@BeforeTest initializeWebdriver" time="0.0">
    <ignored/>
  </testcase> <!-- @BeforeTest initializeWebdriver -->
  <testcase classname="com.assignment.base.BaseClass" name="@BeforeTest initializeWebdriver" time="0.0">
    <ignored/>
  </testcase> <!-- @BeforeTest initializeWebdriver -->
  <testcase classname="com.assignment.base.BaseClass" name="@AfterTest closeBrowser" time="0.0">
    <ignored/>
  </testcase> <!-- @AfterTest closeBrowser -->
  <testcase classname="com.assignment.base.BaseClass" name="@BeforeTest initializeWebdriver" time="0.0">
    <ignored/>
  </testcase> <!-- @BeforeTest initializeWebdriver -->
  <testcase classname="com.assignment.base.BaseClass" name="@AfterTest closeBrowser" time="0.0">
    <ignored/>
  </testcase> <!-- @AfterTest closeBrowser -->
  <testcase classname="com.assignment.base.BaseClass" name="@BeforeTest initializeWebdriver" time="0.0">
    <ignored/>
  </testcase> <!-- @BeforeTest initializeWebdriver -->
</testsuite> <!-- Test -->
