<html>
<head>
<title>TestNG:  Test</title>
<link href="../testng.css" rel="stylesheet" type="text/css" />
<link href="../my-testng.css" rel="stylesheet" type="text/css" />

<style type="text/css">
.log { display: none;} 
.stack-trace { display: none;} 
</style>
<script type="text/javascript">
<!--
function flip(e) {
  current = e.style.display;
  if (current == 'block') {
    e.style.display = 'none';
    return 0;
  }
  else {
    e.style.display = 'block';
    return 1;
  }
}

function toggleBox(szDivId, elem, msg1, msg2)
{
  var res = -1;  if (document.getElementById) {
    res = flip(document.getElementById(szDivId));
  }
  else if (document.all) {
    // this is the way old msie versions work
    res = flip(document.all[szDivId]);
  }
  if(elem) {
    if(res == 0) elem.innerHTML = msg1; else elem.innerHTML = msg2;
  }

}

function toggleAllBoxes() {
  if (document.getElementsByTagName) {
    d = document.getElementsByTagName('div');
    for (i = 0; i < d.length; i++) {
      if (d[i].className == 'log') {
        flip(d[i]);
      }
    }
  }
}

// -->
</script>

</head>
<body>
<h2 align='center'>Test</h2><table border='1' align="center">
<tr>
<td>Tests passed/Failed/Skipped:</td><td>16/1/0</td>
</tr><tr>
<td>Started on:</td><td>Wed Dec 14 02:54:59 IST 2022</td>
</tr>
<tr><td>Total time:</td><td>80 seconds (80131 ms)</td>
</tr><tr>
<td>Included groups:</td><td></td>
</tr><tr>
<td>Excluded groups:</td><td></td>
</tr>
</table><p/>
<small><i>(Hover the method name to see the test class name)</i></small><p/>
<table width='100%' border='1' class='invocation-failed'>
<tr><td colspan='4' align='center'><b>FAILED TESTS</b></td></tr>
<tr><td><b>Test method</b></td>
<td><b>Attribute(s)</b></td>
<td width="30%"><b>Exception</b></td>
<td width="10%"><b>Time (seconds)</b></td>
<td><b>Instance</b></td>
</tr>
<tr>
<td title='com.assignment.testcase.MoreTest.logOut()'><b>logOut</b><br>Test class: com.assignment.testcase.MoreTest</td>
<td><div><pre>org.openqa.selenium.NoSuchElementException: no such element: Unable to locate element: {&quot;method&quot;:&quot;xpath&quot;,&quot;selector&quot;:&quot;//div[@class=&quot;_3vhnxf&quot; and text()=&quot;Notification Preferrences&quot;]&quot;}
  (Session info: chrome=108.0.5359.99)
For documentation on this error, please visit: https://selenium.dev/exceptions/#no_such_element
Build info: version: &apos;4.4.0&apos;, revision: &apos;e5c75ed026a&apos;
System info: host: &apos;IN-PG02NMBB&apos;, ip: &apos;192.168.1.51&apos;, os.name: &apos;Windows 11&apos;, os.arch: &apos;amd64&apos;, os.version: &apos;10.0&apos;, java.version: &apos;17.0.5&apos;
Driver info: org.openqa.selenium.chrome.ChromeDriver
Command: [dc7d82cc1367b505aaada41708bba056, findElement {using=xpath, value=//div[@class=&quot;_3vhnxf&quot; and text()=&quot;Notification Preferrences&quot;]}]
Capabilities {acceptInsecureCerts: false, browserName: chrome, browserVersion: 108.0.5359.99, chrome: {chromedriverVersion: 108.0.5359.71 (1e0e3868ee06..., userDataDir: C:\Users\RITIKN~1\AppData\L...}, goog:chromeOptions: {debuggerAddress: localhost:63621}, networkConnectionEnabled: false, pageLoadStrategy: normal, platformName: WINDOWS, proxy: Proxy(), se:cdp: ws://localhost:63621/devtoo..., se:cdpVersion: 108.0.5359.99, setWindowRect: true, strictFileInteractability: false, timeouts: {implicit: 0, pageLoad: 300000, script: 30000}, unhandledPromptBehavior: dismiss and notify, webauthn:extension:credBlob: true, webauthn:extension:largeBlob: true, webauthn:virtualAuthenticators: true}
Session ID: dc7d82cc1367b505aaada41708bba056
	at org.openqa.selenium.remote.codec.w3c.W3CHttpResponseCodec.createException(W3CHttpResponseCodec.java:200)
	at org.openqa.selenium.remote.codec.w3c.W3CHttpResponseCodec.decode(W3CHttpResponseCodec.java:133)
	at org.openqa.selenium.remote.codec.w3c.W3CHttpResponseCodec.decode(W3CHttpResponseCodec.java:53)
	at org.openqa.selenium.remote.HttpCommandExecutor.execute(HttpCommandExecutor.java:184)
	at org.openqa.selenium.remote.service.DriverCommandExecutor.invokeExecute(DriverCommandExecutor.java:167)
	at org.openqa.selenium.remote.service.DriverCommandExecutor.execute(DriverCommandExecutor.java:142)
	at org.openqa.selenium.remote.RemoteWebDriver.execute(RemoteWebDriver.java:547)
	at org.openqa.selenium.remote.ElementLocation$ElementFinder$2.findElement(ElementLocation.java:162)
	at org.openqa.selenium.remote.ElementLocation.findElement(ElementLocation.java:60)
	at org.openqa.selenium.remote.RemoteWebDriver.findElement(RemoteWebDriver.java:365)
	at org.openqa.selenium.remote.RemoteWebDriver.findElement(RemoteWebDriver.java:357)
	at com.assignment.testcase.MoreTest.logOut(MoreTest.java:22)
	at java.base/java.util.ArrayList.forEach(ArrayList.java:1511)
... Removed 32 stack frames</pre></div><a href='#' onClick='toggleBox("stack-trace614335089", this, "Click to show all stack frames", "Click to hide stack frames")'>Click to show all stack frames</a>
<div class='stack-trace' id='stack-trace614335089'><pre>org.openqa.selenium.NoSuchElementException: no such element: Unable to locate element: {&quot;method&quot;:&quot;xpath&quot;,&quot;selector&quot;:&quot;//div[@class=&quot;_3vhnxf&quot; and text()=&quot;Notification Preferrences&quot;]&quot;}
  (Session info: chrome=108.0.5359.99)
For documentation on this error, please visit: https://selenium.dev/exceptions/#no_such_element
Build info: version: &apos;4.4.0&apos;, revision: &apos;e5c75ed026a&apos;
System info: host: &apos;IN-PG02NMBB&apos;, ip: &apos;192.168.1.51&apos;, os.name: &apos;Windows 11&apos;, os.arch: &apos;amd64&apos;, os.version: &apos;10.0&apos;, java.version: &apos;17.0.5&apos;
Driver info: org.openqa.selenium.chrome.ChromeDriver
Command: [dc7d82cc1367b505aaada41708bba056, findElement {using=xpath, value=//div[@class=&quot;_3vhnxf&quot; and text()=&quot;Notification Preferrences&quot;]}]
Capabilities {acceptInsecureCerts: false, browserName: chrome, browserVersion: 108.0.5359.99, chrome: {chromedriverVersion: 108.0.5359.71 (1e0e3868ee06..., userDataDir: C:\Users\RITIKN~1\AppData\L...}, goog:chromeOptions: {debuggerAddress: localhost:63621}, networkConnectionEnabled: false, pageLoadStrategy: normal, platformName: WINDOWS, proxy: Proxy(), se:cdp: ws://localhost:63621/devtoo..., se:cdpVersion: 108.0.5359.99, setWindowRect: true, strictFileInteractability: false, timeouts: {implicit: 0, pageLoad: 300000, script: 30000}, unhandledPromptBehavior: dismiss and notify, webauthn:extension:credBlob: true, webauthn:extension:largeBlob: true, webauthn:virtualAuthenticators: true}
Session ID: dc7d82cc1367b505aaada41708bba056
	at java.base/jdk.internal.reflect.NativeConstructorAccessorImpl.newInstance0(Native Method)
	at java.base/jdk.internal.reflect.NativeConstructorAccessorImpl.newInstance(NativeConstructorAccessorImpl.java:77)
	at java.base/jdk.internal.reflect.DelegatingConstructorAccessorImpl.newInstance(DelegatingConstructorAccessorImpl.java:45)
	at java.base/java.lang.reflect.Constructor.newInstanceWithCaller(Constructor.java:499)
	at java.base/java.lang.reflect.Constructor.newInstance(Constructor.java:480)
	at org.openqa.selenium.remote.codec.w3c.W3CHttpResponseCodec.createException(W3CHttpResponseCodec.java:200)
	at org.openqa.selenium.remote.codec.w3c.W3CHttpResponseCodec.decode(W3CHttpResponseCodec.java:133)
	at org.openqa.selenium.remote.codec.w3c.W3CHttpResponseCodec.decode(W3CHttpResponseCodec.java:53)
	at org.openqa.selenium.remote.HttpCommandExecutor.execute(HttpCommandExecutor.java:184)
	at org.openqa.selenium.remote.service.DriverCommandExecutor.invokeExecute(DriverCommandExecutor.java:167)
	at org.openqa.selenium.remote.service.DriverCommandExecutor.execute(DriverCommandExecutor.java:142)
	at org.openqa.selenium.remote.RemoteWebDriver.execute(RemoteWebDriver.java:547)
	at org.openqa.selenium.remote.ElementLocation$ElementFinder$2.findElement(ElementLocation.java:162)
	at org.openqa.selenium.remote.ElementLocation.findElement(ElementLocation.java:60)
	at org.openqa.selenium.remote.RemoteWebDriver.findElement(RemoteWebDriver.java:365)
	at org.openqa.selenium.remote.RemoteWebDriver.findElement(RemoteWebDriver.java:357)
	at com.assignment.testcase.MoreTest.logOut(MoreTest.java:22)
	at java.base/jdk.internal.reflect.NativeMethodAccessorImpl.invoke0(Native Method)
	at java.base/jdk.internal.reflect.NativeMethodAccessorImpl.invoke(NativeMethodAccessorImpl.java:77)
	at java.base/jdk.internal.reflect.DelegatingMethodAccessorImpl.invoke(DelegatingMethodAccessorImpl.java:43)
	at java.base/java.lang.reflect.Method.invoke(Method.java:568)
	at org.testng.internal.invokers.MethodInvocationHelper.invokeMethod(MethodInvocationHelper.java:139)
	at org.testng.internal.invokers.TestInvoker.invokeMethod(TestInvoker.java:677)
	at org.testng.internal.invokers.TestInvoker.invokeTestMethod(TestInvoker.java:221)
	at org.testng.internal.invokers.MethodRunner.runInSequence(MethodRunner.java:50)
	at org.testng.internal.invokers.TestInvoker$MethodInvocationAgent.invoke(TestInvoker.java:962)
	at org.testng.internal.invokers.TestInvoker.invokeTestMethods(TestInvoker.java:194)
	at org.testng.internal.invokers.TestMethodWorker.invokeTestMethods(TestMethodWorker.java:148)
	at org.testng.internal.invokers.TestMethodWorker.run(TestMethodWorker.java:128)
	at java.base/java.util.ArrayList.forEach(ArrayList.java:1511)
	at org.testng.TestRunner.privateRun(TestRunner.java:806)
	at org.testng.TestRunner.run(TestRunner.java:601)
	at org.testng.SuiteRunner.runTest(SuiteRunner.java:433)
	at org.testng.SuiteRunner.runSequentially(SuiteRunner.java:427)
	at org.testng.SuiteRunner.privateRun(SuiteRunner.java:387)
	at org.testng.SuiteRunner.run(SuiteRunner.java:330)
	at org.testng.SuiteRunnerWorker.runSuite(SuiteRunnerWorker.java:52)
	at org.testng.SuiteRunnerWorker.run(SuiteRunnerWorker.java:95)
	at org.testng.TestNG.runSuitesSequentially(TestNG.java:1256)
	at org.testng.TestNG.runSuitesLocally(TestNG.java:1176)
	at org.testng.TestNG.runSuites(TestNG.java:1099)
	at org.testng.TestNG.run(TestNG.java:1067)
	at org.testng.remote.AbstractRemoteTestNG.run(AbstractRemoteTestNG.java:115)
	at org.testng.remote.RemoteTestNG.initAndRun(RemoteTestNG.java:251)
	at org.testng.remote.RemoteTestNG.main(RemoteTestNG.java:77)
</pre></div></td>
<td>30</td>
<td>com.assignment.testcase.MoreTest@548d708a</td></tr>
</table><p>
<table width='100%' border='1' class='invocation-passed'>
<tr><td colspan='4' align='center'><b>PASSED TESTS</b></td></tr>
<tr><td><b>Test method</b></td>
<td><b>Attribute(s)</b></td>
<td width="30%"><b>Exception</b></td>
<td width="10%"><b>Time (seconds)</b></td>
<td><b>Instance</b></td>
</tr>
<tr>
<td title='com.assignment.testcase.SearchBarSubmitTest.search()'><b>search</b><br>Test class: com.assignment.testcase.SearchBarSubmitTest</td>
<td></td>
<td>0</td>
<td>com.assignment.testcase.SearchBarSubmitTest@cb0755b</td></tr>
<tr>
<td title='com.assignment.testcase.ViewCartTest.viewOrder()'><b>viewOrder</b><br>Test class: com.assignment.testcase.ViewCartTest</td>
<td></td>
<td>0</td>
<td>com.assignment.testcase.ViewCartTest@712625fd</td></tr>
<tr>
<td title='com.assignment.testcase.BackwardKeyTest.backwardkey()'><b>backwardkey</b><br>Test class: com.assignment.testcase.BackwardKeyTest</td>
<td></td>
<td>0</td>
<td>com.assignment.testcase.BackwardKeyTest@53045c6c</td></tr>
<tr>
<td title='com.assignment.testcase.SearchBarTest.search()'><b>search</b><br>Test class: com.assignment.testcase.SearchBarTest</td>
<td></td>
<td>5</td>
<td>com.assignment.testcase.SearchBarTest@4b013c76</td></tr>
<tr>
<td title='com.assignment.testcase.BestofelectronicsViewAllTest.forwardkey()'><b>forwardkey</b><br>Test class: com.assignment.testcase.BestofelectronicsViewAllTest</td>
<td></td>
<td>0</td>
<td>com.assignment.testcase.BestofelectronicsViewAllTest@5149d738</td></tr>
<tr>
<td title='com.assignment.testcase.GroceryToHomeTest.grocerytohome()'><b>grocerytohome</b><br>Test class: com.assignment.testcase.GroceryToHomeTest</td>
<td></td>
<td>3</td>
<td>com.assignment.testcase.GroceryToHomeTest@19e4653c</td></tr>
<tr>
<td title='com.assignment.testcase.WinterEssentialsViewAllTest.forwardkey()'><b>forwardkey</b><br>Test class: com.assignment.testcase.WinterEssentialsViewAllTest</td>
<td></td>
<td>0</td>
<td>com.assignment.testcase.WinterEssentialsViewAllTest@3a7442c7</td></tr>
<tr>
<td title='com.assignment.testcase.InputInSearchBarTest.search()'><b>search</b><br>Test class: com.assignment.testcase.InputInSearchBarTest</td>
<td></td>
<td>0</td>
<td>com.assignment.testcase.InputInSearchBarTest@53fb3dab</td></tr>
<tr>
<td title='com.assignment.testcase.ViewCartToHomeTest.viewOrder()'><b>viewOrder</b><br>Test class: com.assignment.testcase.ViewCartToHomeTest</td>
<td></td>
<td>0</td>
<td>com.assignment.testcase.ViewCartToHomeTest@7bba5817</td></tr>
<tr>
<td title='com.assignment.testcase.GroceryPincodeTest.grocery()'><b>grocery</b><br>Test class: com.assignment.testcase.GroceryPincodeTest</td>
<td></td>
<td>3</td>
<td>com.assignment.testcase.GroceryPincodeTest@663c9e7a</td></tr>
<tr>
<td title='com.assignment.testcase.LogInPageTest.login()'><b>login</b><br>Test class: com.assignment.testcase.LogInPageTest</td>
<td></td>
<td>5</td>
<td>com.assignment.testcase.LogInPageTest@202b0582</td></tr>
<tr>
<td title='com.assignment.testcase.WinteressentialsViewAllToHomeTest.viewall()'><b>viewall</b><br>Test class: com.assignment.testcase.WinteressentialsViewAllToHomeTest</td>
<td></td>
<td>0</td>
<td>com.assignment.testcase.WinteressentialsViewAllToHomeTest@4be29ed9</td></tr>
<tr>
<td title='com.assignment.testcase.BestofelectronicsViewAllToHomeTest.viewall()'><b>viewall</b><br>Test class: com.assignment.testcase.BestofelectronicsViewAllToHomeTest</td>
<td></td>
<td>0</td>
<td>com.assignment.testcase.BestofelectronicsViewAllToHomeTest@6bbe85a8</td></tr>
<tr>
<td title='com.assignment.testcase.GroceryTest.grocery()'><b>grocery</b><br>Test class: com.assignment.testcase.GroceryTest</td>
<td></td>
<td>3</td>
<td>com.assignment.testcase.GroceryTest@1cf6d1be</td></tr>
<tr>
<td title='com.assignment.testcase.LogOutTest.logOut()'><b>logOut</b><br>Test class: com.assignment.testcase.LogOutTest</td>
<td></td>
<td>0</td>
<td>com.assignment.testcase.LogOutTest@742ff096</td></tr>
<tr>
<td title='com.assignment.testcase.ForwardKeyTest.forwardkey()'><b>forwardkey</b><br>Test class: com.assignment.testcase.ForwardKeyTest</td>
<td></td>
<td>0</td>
<td>com.assignment.testcase.ForwardKeyTest@795509d9</td></tr>
</table><p>
</body>
</html>